<?xml version="1.0" encoding="UTF-8"?>
<!-- Generated by org.testng.reporters.JUnitReportReporter -->
<testsuite skipped="0" hostname="MySystem" name="Examples.FreeCrm" tests="4" failures="0" timestamp="28 May 2019 05:51:30 GMT" time="37.359" errors="0">
  <testcase name="setUp" time="14.297" classname="Examples.FreeCrm"/>
  <testcase name="gettittle" time="0.862" classname="Examples.FreeCrm"/>
  <testcase name="login" time="17.855" classname="Examples.FreeCrm"/>
  <testcase name="logout" time="4.345" classname="Examples.FreeCrm"/>
</testsuite> <!-- Examples.FreeCrm -->
