<?xml version="1.0" encoding="UTF-8"?>
<!-- Generated by org.testng.reporters.JUnitReportReporter -->
<testsuite skipped="0" hostname="MySystem" name="Examples.FreeCrm" tests="1" failures="0" timestamp="28 May 2019 14:36:17 GMT" time="17.931" errors="0">
  <testcase name="gettittle" time="17.931" classname="Examples.FreeCrm"/>
</testsuite> <!-- Examples.FreeCrm -->
