<?xml version="1.0" encoding="UTF-8"?>
<!-- Generated by org.testng.reporters.JUnitReportReporter -->
<testsuite skipped="0" hostname="MySystem" name="Examples.Depency" tests="2" failures="0" timestamp="28 May 2019 16:35:09 GMT" time="16.963" errors="0">
  <testcase name="login" time="16.209" classname="Examples.Depency"/>
  <testcase name="gettittle" time="0.754" classname="Examples.Depency"/>
</testsuite> <!-- Examples.Depency -->
