<?xml version="1.0" encoding="UTF-8"?>
<!-- Generated by org.testng.reporters.JUnitReportReporter -->
<testsuite skipped="0" hostname="MySystem" name="Examples.Annotation_Examples" tests="3" failures="0" timestamp="25 May 2019 06:59:58 GMT" time="0.076" errors="0">
  <testcase name="a" time="0.048" classname="Examples.Annotation_Examples"/>
  <testcase name="googletittle" time="0.012" classname="Examples.Annotation_Examples"/>
  <testcase name="verfy" time="0.016" classname="Examples.Annotation_Examples"/>
</testsuite> <!-- Examples.Annotation_Examples -->
