<?xml version="1.0" encoding="UTF-8"?>
<!-- Generated by org.testng.reporters.JUnitReportReporter -->
<testsuite skipped="0" hostname="MySystem" name="Examples.Test1" tests="3" failures="0" timestamp="25 May 2019 07:33:07 GMT" time="0.054" errors="0">
  <testcase name="bcd" time="0.034" classname="Examples.Test1"/>
  <testcase name="abc" time="0.008" classname="Examples.Test1"/>
  <testcase name="acd" time="0.012" classname="Examples.Test1"/>
</testsuite> <!-- Examples.Test1 -->
